<?xml version="1.0" encoding="UTF-8"?>
<!-- Generated by org.testng.reporters.JUnitReportReporter -->
<testsuite skipped="0" hostname="JBCVKJ-PC" name="org.testing.testScripts.TC4_PutRequest" tests="1" failures="0" timestamp="2022-05-13T12:27:35 IST" time="0.152" errors="0">
  <testcase name="testCase4" time="0.152" classname="org.testing.testScripts.TC4_PutRequest"/>
  <system-out/>
</testsuite> <!-- org.testing.testScripts.TC4_PutRequest -->
