<?xml version="1.0" encoding="UTF-8"?>
<!-- Generated by org.testng.reporters.JUnitReportReporter -->
<testsuite skipped="0" hostname="JBCVKJ-PC" name="org.testing.testScripts.TC9_RealTime_Put" tests="1" failures="0" timestamp="2022-05-13T12:27:35 IST" time="1.022" errors="0">
  <testcase name="testCase9" time="1.022" classname="org.testing.testScripts.TC9_RealTime_Put"/>
  <system-out/>
</testsuite> <!-- org.testing.testScripts.TC9_RealTime_Put -->
