<?xml version="1.0" encoding="UTF-8"?>
<!-- Generated by org.testng.reporters.JUnitReportReporter -->
<testsuite skipped="0" hostname="JBCVKJ-PC" name="org.testing.testScripts.TC2_GetRequest" tests="1" failures="0" timestamp="2022-05-13T12:27:35 IST" time="1.538" errors="0">
  <testcase name="testCase2" time="1.538" classname="org.testing.testScripts.TC2_GetRequest"/>
  <system-out/>
</testsuite> <!-- org.testing.testScripts.TC2_GetRequest -->
