<?xml version="1.0" encoding="UTF-8"?>
<!-- Generated by org.testng.reporters.JUnitReportReporter -->
<testsuite skipped="0" hostname="JBCVKJ-PC" name="org.testing.testScripts.TC1_PostReq" tests="1" failures="0" timestamp="2022-05-13T12:27:35 IST" time="28.111" errors="0">
  <testcase name="testCase1" time="28.111" classname="org.testing.testScripts.TC1_PostReq"/>
  <system-out/>
</testsuite> <!-- org.testing.testScripts.TC1_PostReq -->
